<?xml version="1.0" encoding="UTF-8"?>
<!-- Generated by org.testng.reporters.JUnitReportReporter -->
<testsuite hostname="DESKTOP-4A0R1FS" failures="0" tests="3" name="com.qa.opencart.ForgotPasswordPageTest" time="0.316" errors="0" timestamp="2023-02-15T10:27:44 IST" skipped="0">
  <testcase classname="com.qa.opencart.ForgotPasswordPageTest" name="forgotPwdPageTitleTest" time="0.017"/>
  <system-out/>
  <testcase classname="com.qa.opencart.ForgotPasswordPageTest" name="emailIdTextBoxExistTest" time="0.198"/>
  <system-out/>
  <testcase classname="com.qa.opencart.ForgotPasswordPageTest" name="forgotPwdHeaderTextTest" time="0.101"/>
  <system-out/>
</testsuite> <!-- com.qa.opencart.ForgotPasswordPageTest -->
