<?xml version="1.0" encoding="UTF-8"?>
<!-- Generated by org.testng.reporters.JUnitReportReporter -->
<testsuite hostname="DESKTOP-4A0R1FS" failures="0" tests="9" name="com.qa.opencart.ResultsPageTest" time="2.736" errors="0" timestamp="2023-02-15T10:27:44 IST" skipped="0">
  <testcase classname="com.qa.opencart.ResultsPageTest" name="productHeaderTextTest" time="0.335"/>
  <system-out/>
  <testcase classname="com.qa.opencart.ResultsPageTest" name="resultsPageBreadCrumbTest" time="0.533"/>
  <system-out/>
  <testcase classname="com.qa.opencart.ResultsPageTest" name="searchTextBoxInnerTextProductNameTest" time="0.188"/>
  <system-out/>
  <testcase classname="com.qa.opencart.ResultsPageTest" name="searchHeaderTextTest" time="0.081"/>
  <system-out/>
  <testcase classname="com.qa.opencart.ResultsPageTest" name="resultsPageDropDownsExistTest" time="0.395"/>
  <system-out/>
  <testcase classname="com.qa.opencart.ResultsPageTest" name="resultsPageTitleTest" time="0.017"/>
  <system-out/>
  <testcase classname="com.qa.opencart.ResultsPageTest" name="resultsPageCheckBoxIsDisplayedTest" time="0.193"/>
  <system-out/>
  <testcase classname="com.qa.opencart.ResultsPageTest" name="searchButtonTest" time="0.091"/>
  <system-out/>
  <testcase classname="com.qa.opencart.ResultsPageTest" name="subCategoryCheckBoxIsEnabledTest" time="0.903"/>
  <system-out/>
</testsuite> <!-- com.qa.opencart.ResultsPageTest -->
