<?xml version="1.0" encoding="UTF-8"?>
<!-- Generated by org.testng.reporters.JUnitReportReporter -->
<testsuite hostname="DESKTOP-4A0R1FS" failures="0" tests="10" name="com.qa.opencart.ProductInfoPageTest" time="2.635" errors="0" timestamp="2023-02-15T10:27:44 IST" skipped="0">
  <testcase classname="com.qa.opencart.ProductInfoPageTest" name="productImagesCountTest" time="0.037"/>
  <system-out/>
  <testcase classname="com.qa.opencart.ProductInfoPageTest" name="productDataTest" time="0.448"/>
  <system-out/>
  <testcase classname="com.qa.opencart.ProductInfoPageTest" name="quantityTextBoxTest" time="0.061"/>
  <system-out/>
  <testcase classname="com.qa.opencart.ProductInfoPageTest" name="wishListButtonTest" time="0.061"/>
  <system-out/>
  <testcase classname="com.qa.opencart.ProductInfoPageTest" name="productNavTabCountTest" time="0.042"/>
  <system-out/>
  <testcase classname="com.qa.opencart.ProductInfoPageTest" name="compareButtonTest" time="0.122"/>
  <system-out/>
  <testcase classname="com.qa.opencart.ProductInfoPageTest" name="addToCartButtonTest" time="0.101"/>
  <system-out/>
  <testcase classname="com.qa.opencart.ProductInfoPageTest" name="specificationLinkTest" time="0.124"/>
  <system-out/>
  <testcase classname="com.qa.opencart.ProductInfoPageTest" name="quantityLabelTest" time="0.078"/>
  <system-out/>
  <testcase classname="com.qa.opencart.ProductInfoPageTest" name="descriptionLinkTest" time="1.561"/>
  <system-out/>
</testsuite> <!-- com.qa.opencart.ProductInfoPageTest -->
