<?xml version="1.0" encoding="UTF-8"?>
<!-- Generated by org.testng.reporters.JUnitReportReporter -->
<testsuite hostname="DESKTOP-4A0R1FS" failures="0" tests="9" name="com.qa.opencart.AccountPageTest" time="2.841" errors="0" timestamp="2023-02-15T10:27:44 IST" skipped="0">
  <testcase classname="com.qa.opencart.AccountPageTest" name="newsLetterSectionLinkTest" time="0.104"/>
  <system-out/>
  <testcase classname="com.qa.opencart.AccountPageTest" name="accountPageTitleTest" time="0.052"/>
  <system-out/>
  <testcase classname="com.qa.opencart.AccountPageTest" name="headerSectionsTextTest" time="0.568"/>
  <system-out/>
  <testcase classname="com.qa.opencart.AccountPageTest" name="logOutLinkExistTest" time="0.318"/>
  <system-out/>
  <testcase classname="com.qa.opencart.AccountPageTest" name="searchBoxExistTest" time="0.194"/>
  <system-out/>
  <testcase classname="com.qa.opencart.AccountPageTest" name="searchButtonTest" time="0.104"/>
  <system-out/>
  <testcase classname="com.qa.opencart.AccountPageTest" name="myOrdersSectionLinksTest" time="0.830"/>
  <system-out/>
  <testcase classname="com.qa.opencart.AccountPageTest" name="myAccountSectionLinksTest" time="0.315"/>
  <system-out/>
  <testcase classname="com.qa.opencart.AccountPageTest" name="myAffiliateAccountSectionLinkTest" time="0.356"/>
  <system-out/>
</testsuite> <!-- com.qa.opencart.AccountPageTest -->
